<?xml version="1.0" encoding="UTF-8"?>
<!-- Generated by org.testng.reporters.JUnitXMLReporter -->
<testsuite hostname="AKAPOOR4XJS022" ignored="8" name="Test" tests="5" failures="0" timestamp="07 Aug 2019 05:43:45 GMT" time="24.16" errors="0">
  <testcase name="get_CBRCount" time="6.39" classname="com.CBRCount.tests.positive.Get_By_Partner_MaxCharAddress"/>
  <testcase name="get_CBRCount" time="4.095" classname="com.CBRCount.tests.positive.Get_By_Owner_UserID"/>
  <testcase name="get_CBRCount" time="4.472" classname="com.CBRCount.tests.positive.Get_By_Partner_Address"/>
  <testcase name="get_CBRCount" time="5.074" classname="com.CBRCount.tests.positive.Get_By_Partner_UserID"/>
  <testcase name="get_CBRCount1" time="4.077" classname="com.CBRCount.tests.positive.Get_By_OwnerAddress"/>
  <testcase name="@AfterSuite endTest" time="0.0" classname="com.CBRCount.TestBase.TestBase">
    <ignored/>
  </testcase> <!-- @AfterSuite endTest -->
  <testcase name="@AfterSuite endTest" time="0.0" classname="com.CBRCount.TestBase.TestBase">
    <ignored/>
  </testcase> <!-- @AfterSuite endTest -->
  <testcase name="@AfterSuite endTest" time="0.0" classname="com.CBRCount.TestBase.TestBase">
    <ignored/>
  </testcase> <!-- @AfterSuite endTest -->
  <testcase name="@AfterSuite endTest" time="0.0" classname="com.CBRCount.TestBase.TestBase">
    <ignored/>
  </testcase> <!-- @AfterSuite endTest -->
  <testcase name="@BeforeSuite setUp" time="0.0" classname="com.CBRCount.TestBase.TestBase">
    <ignored/>
  </testcase> <!-- @BeforeSuite setUp -->
  <testcase name="@BeforeSuite setUp" time="0.0" classname="com.CBRCount.TestBase.TestBase">
    <ignored/>
  </testcase> <!-- @BeforeSuite setUp -->
  <testcase name="@BeforeSuite setUp" time="0.0" classname="com.CBRCount.TestBase.TestBase">
    <ignored/>
  </testcase> <!-- @BeforeSuite setUp -->
  <testcase name="@BeforeSuite setUp" time="0.0" classname="com.CBRCount.TestBase.TestBase">
    <ignored/>
  </testcase> <!-- @BeforeSuite setUp -->
</testsuite> <!-- Test -->
