<?xml version="1.0" encoding="UTF-8"?>
<!-- Generated by org.testng.reporters.JUnitXMLReporter -->
<testsuite hostname="AKAPOOR4XJS022" ignored="8" name="Test" tests="5" failures="0" timestamp="01 Apr 2019 09:34:02 GMT" time="20.721" errors="0">
  <testcase name="get_CBRCount" time="6.152" classname="com.CBRCount.tests.positive.Get_By_Partner_MaxCharAddress"/>
  <testcase name="get_CBRCount" time="3.566" classname="com.CBRCount.tests.positive.Get_By_Owner_UserID"/>
  <testcase name="get_CBRCount" time="3.704" classname="com.CBRCount.tests.positive.Get_By_Partner_Address"/>
  <testcase name="get_CBRCount" time="3.57" classname="com.CBRCount.tests.positive.Get_By_Partner_UserID"/>
  <testcase name="get_CBRCount1" time="3.695" classname="com.CBRCount.tests.positive.Get_By_OwnerAddress"/>
  <testcase name="@AfterSuite endTest" time="0.0" classname="com.CBRCount.TestBase.TestBase">
    <ignored/>
  </testcase> <!-- @AfterSuite endTest -->
  <testcase name="@AfterSuite endTest" time="0.0" classname="com.CBRCount.TestBase.TestBase">
    <ignored/>
  </testcase> <!-- @AfterSuite endTest -->
  <testcase name="@AfterSuite endTest" time="0.0" classname="com.CBRCount.TestBase.TestBase">
    <ignored/>
  </testcase> <!-- @AfterSuite endTest -->
  <testcase name="@AfterSuite endTest" time="0.0" classname="com.CBRCount.TestBase.TestBase">
    <ignored/>
  </testcase> <!-- @AfterSuite endTest -->
  <testcase name="@BeforeSuite setUp" time="0.0" classname="com.CBRCount.TestBase.TestBase">
    <ignored/>
  </testcase> <!-- @BeforeSuite setUp -->
  <testcase name="@BeforeSuite setUp" time="0.0" classname="com.CBRCount.TestBase.TestBase">
    <ignored/>
  </testcase> <!-- @BeforeSuite setUp -->
  <testcase name="@BeforeSuite setUp" time="0.0" classname="com.CBRCount.TestBase.TestBase">
    <ignored/>
  </testcase> <!-- @BeforeSuite setUp -->
  <testcase name="@BeforeSuite setUp" time="0.0" classname="com.CBRCount.TestBase.TestBase">
    <ignored/>
  </testcase> <!-- @BeforeSuite setUp -->
</testsuite> <!-- Test -->
