<?xml version="1.0" encoding="UTF-8"?>
<testng-results skipped="0" failed="0" ignored="8" total="13" passed="5">
  <reporter-output>
  </reporter-output>
  <suite name="Suite" duration-ms="24160" started-at="2019-08-07T05:43:21Z" finished-at="2019-08-07T05:43:45Z">
    <groups>
    </groups>
    <test name="Test" duration-ms="24160" started-at="2019-08-07T05:43:21Z" finished-at="2019-08-07T05:43:45Z">
      <class name="com.CBRCount.tests.positive.Get_By_Owner_UserID">
        <test-method status="PASS" signature="setup()[pri:0, instance:com.CBRCount.tests.positive.Get_By_Owner_UserID@4cc0edeb]" name="setup" is-config="true" duration-ms="9" started-at="2019-08-07T11:13:27Z" finished-at="2019-08-07T11:13:27Z">
          <reporter-output>
          </reporter-output>
        </test-method> <!-- setup -->
        <test-method status="PASS" signature="get_CBRCount()[pri:0, instance:com.CBRCount.tests.positive.Get_By_Owner_UserID@4cc0edeb]" name="get_CBRCount" duration-ms="4095" started-at="2019-08-07T11:13:27Z" finished-at="2019-08-07T11:13:31Z">
          <reporter-output>
          </reporter-output>
        </test-method> <!-- get_CBRCount -->
        <test-method status="PASS" signature="getResult(org.testng.ITestResult)[pri:0, instance:com.CBRCount.tests.positive.Get_By_Owner_UserID@4cc0edeb]" name="getResult" is-config="true" duration-ms="1" started-at="2019-08-07T11:13:31Z" finished-at="2019-08-07T11:13:31Z">
          <params>
            <param index="0">
              <value>
                <![CDATA[[TestResult name=get_CBRCount status=SUCCESS method=Get_By_Owner_UserID.get_CBRCount()[pri:0, instance:com.CBRCount.tests.positive.Get_By_Owner_UserID@4cc0edeb] output={null}]]]>
              </value>
            </param>
          </params>
          <reporter-output>
          </reporter-output>
        </test-method> <!-- getResult -->
      </class> <!-- com.CBRCount.tests.positive.Get_By_Owner_UserID -->
      <class name="com.CBRCount.tests.positive.Get_By_OwnerAddress">
        <test-method status="PASS" signature="setup()[pri:0, instance:com.CBRCount.tests.positive.Get_By_OwnerAddress@39aeed2f]" name="setup" is-config="true" duration-ms="2" started-at="2019-08-07T11:13:41Z" finished-at="2019-08-07T11:13:41Z">
          <reporter-output>
          </reporter-output>
        </test-method> <!-- setup -->
        <test-method status="PASS" signature="get_CBRCount1()[pri:0, instance:com.CBRCount.tests.positive.Get_By_OwnerAddress@39aeed2f]" name="get_CBRCount1" duration-ms="4077" started-at="2019-08-07T11:13:41Z" finished-at="2019-08-07T11:13:45Z">
          <reporter-output>
          </reporter-output>
        </test-method> <!-- get_CBRCount1 -->
        <test-method status="PASS" signature="getResult(org.testng.ITestResult)[pri:0, instance:com.CBRCount.tests.positive.Get_By_OwnerAddress@39aeed2f]" name="getResult" is-config="true" duration-ms="1" started-at="2019-08-07T11:13:45Z" finished-at="2019-08-07T11:13:45Z">
          <params>
            <param index="0">
              <value>
                <![CDATA[[TestResult name=get_CBRCount1 status=SUCCESS method=Get_By_OwnerAddress.get_CBRCount1()[pri:0, instance:com.CBRCount.tests.positive.Get_By_OwnerAddress@39aeed2f] output={null}]]]>
              </value>
            </param>
          </params>
          <reporter-output>
          </reporter-output>
        </test-method> <!-- getResult -->
      </class> <!-- com.CBRCount.tests.positive.Get_By_OwnerAddress -->
      <class name="com.CBRCount.tests.positive.Get_By_Partner_MaxCharAddress">
        <test-method status="PASS" signature="setUp()[pri:0, instance:com.CBRCount.tests.positive.Get_By_Partner_MaxCharAddress@1b604f19]" name="setUp" is-config="true" duration-ms="118" started-at="2019-08-07T11:13:21Z" finished-at="2019-08-07T11:13:21Z">
          <reporter-output>
          </reporter-output>
        </test-method> <!-- setUp -->
        <test-method status="PASS" signature="setUp()[pri:0, instance:com.CBRCount.TestBase.TestBase1@7823a2f9]" name="setUp" is-config="true" duration-ms="3" started-at="2019-08-07T11:13:21Z" finished-at="2019-08-07T11:13:21Z">
          <reporter-output>
          </reporter-output>
        </test-method> <!-- setUp -->
        <test-method status="PASS" signature="setup()[pri:0, instance:com.CBRCount.tests.positive.Get_By_Partner_MaxCharAddress@1b604f19]" name="setup" is-config="true" duration-ms="1" started-at="2019-08-07T11:13:21Z" finished-at="2019-08-07T11:13:21Z">
          <reporter-output>
          </reporter-output>
        </test-method> <!-- setup -->
        <test-method status="PASS" signature="get_CBRCount()[pri:0, instance:com.CBRCount.tests.positive.Get_By_Partner_MaxCharAddress@1b604f19]" name="get_CBRCount" duration-ms="6390" started-at="2019-08-07T11:13:21Z" finished-at="2019-08-07T11:13:27Z">
          <reporter-output>
          </reporter-output>
        </test-method> <!-- get_CBRCount -->
        <test-method status="PASS" signature="getResult(org.testng.ITestResult)[pri:0, instance:com.CBRCount.tests.positive.Get_By_Partner_MaxCharAddress@1b604f19]" name="getResult" is-config="true" duration-ms="1" started-at="2019-08-07T11:13:27Z" finished-at="2019-08-07T11:13:27Z">
          <params>
            <param index="0">
              <value>
                <![CDATA[[TestResult name=get_CBRCount status=SUCCESS method=Get_By_Partner_MaxCharAddress.get_CBRCount()[pri:0, instance:com.CBRCount.tests.positive.Get_By_Partner_MaxCharAddress@1b604f19] output={null}]]]>
              </value>
            </param>
          </params>
          <reporter-output>
          </reporter-output>
        </test-method> <!-- getResult -->
        <test-method status="PASS" signature="endTest()[pri:0, instance:com.CBRCount.tests.positive.Get_By_Partner_MaxCharAddress@1b604f19]" name="endTest" is-config="true" duration-ms="231" started-at="2019-08-07T11:13:45Z" finished-at="2019-08-07T11:13:45Z">
          <reporter-output>
          </reporter-output>
        </test-method> <!-- endTest -->
        <test-method status="PASS" signature="endTest()[pri:0, instance:com.CBRCount.TestBase.TestBase1@7823a2f9]" name="endTest" is-config="true" duration-ms="23" started-at="2019-08-07T11:13:45Z" finished-at="2019-08-07T11:13:45Z">
          <reporter-output>
          </reporter-output>
        </test-method> <!-- endTest -->
      </class> <!-- com.CBRCount.tests.positive.Get_By_Partner_MaxCharAddress -->
      <class name="com.CBRCount.tests.positive.Get_By_Partner_Address">
        <test-method status="PASS" signature="setup()[pri:0, instance:com.CBRCount.tests.positive.Get_By_Partner_Address@457e2f02]" name="setup" is-config="true" duration-ms="1" started-at="2019-08-07T11:13:31Z" finished-at="2019-08-07T11:13:31Z">
          <reporter-output>
          </reporter-output>
        </test-method> <!-- setup -->
        <test-method status="PASS" signature="get_CBRCount()[pri:0, instance:com.CBRCount.tests.positive.Get_By_Partner_Address@457e2f02]" name="get_CBRCount" duration-ms="4472" started-at="2019-08-07T11:13:31Z" finished-at="2019-08-07T11:13:36Z">
          <reporter-output>
          </reporter-output>
        </test-method> <!-- get_CBRCount -->
        <test-method status="PASS" signature="getResult(org.testng.ITestResult)[pri:0, instance:com.CBRCount.tests.positive.Get_By_Partner_Address@457e2f02]" name="getResult" is-config="true" duration-ms="0" started-at="2019-08-07T11:13:36Z" finished-at="2019-08-07T11:13:36Z">
          <params>
            <param index="0">
              <value>
                <![CDATA[[TestResult name=get_CBRCount status=SUCCESS method=Get_By_Partner_Address.get_CBRCount()[pri:0, instance:com.CBRCount.tests.positive.Get_By_Partner_Address@457e2f02] output={null}]]]>
              </value>
            </param>
          </params>
          <reporter-output>
          </reporter-output>
        </test-method> <!-- getResult -->
      </class> <!-- com.CBRCount.tests.positive.Get_By_Partner_Address -->
      <class name="com.CBRCount.tests.positive.Get_By_Partner_UserID">
        <test-method status="PASS" signature="setup()[pri:0, instance:com.CBRCount.tests.positive.Get_By_Partner_UserID@5c7fa833]" name="setup" is-config="true" duration-ms="1" started-at="2019-08-07T11:13:36Z" finished-at="2019-08-07T11:13:36Z">
          <reporter-output>
          </reporter-output>
        </test-method> <!-- setup -->
        <test-method status="PASS" signature="get_CBRCount()[pri:0, instance:com.CBRCount.tests.positive.Get_By_Partner_UserID@5c7fa833]" name="get_CBRCount" duration-ms="5074" started-at="2019-08-07T11:13:36Z" finished-at="2019-08-07T11:13:41Z">
          <reporter-output>
          </reporter-output>
        </test-method> <!-- get_CBRCount -->
        <test-method status="PASS" signature="getResult(org.testng.ITestResult)[pri:0, instance:com.CBRCount.tests.positive.Get_By_Partner_UserID@5c7fa833]" name="getResult" is-config="true" duration-ms="0" started-at="2019-08-07T11:13:41Z" finished-at="2019-08-07T11:13:41Z">
          <params>
            <param index="0">
              <value>
                <![CDATA[[TestResult name=get_CBRCount status=SUCCESS method=Get_By_Partner_UserID.get_CBRCount()[pri:0, instance:com.CBRCount.tests.positive.Get_By_Partner_UserID@5c7fa833] output={null}]]]>
              </value>
            </param>
          </params>
          <reporter-output>
          </reporter-output>
        </test-method> <!-- getResult -->
      </class> <!-- com.CBRCount.tests.positive.Get_By_Partner_UserID -->
    </test> <!-- Test -->
  </suite> <!-- Suite -->
</testng-results>
